0 info it worked if it ends with ok
1 verbose cli [ '/root/.nvm/versions/node/v6.9.5/bin/node',
1 verbose cli   '/root/.nvm/versions/node/v6.9.5/bin/npm',
1 verbose cli   'run',
1 verbose cli   'start' ]
2 info using npm@3.10.10
3 info using node@v6.9.5
4 verbose run-script [ 'prestart', 'start', 'poststart' ]
5 info lifecycle redux@1.0.0~prestart: redux@1.0.0
6 silly lifecycle redux@1.0.0~prestart: no script for prestart, continuing
7 info lifecycle redux@1.0.0~start: redux@1.0.0
8 verbose lifecycle redux@1.0.0~start: unsafe-perm in lifecycle true
9 verbose lifecycle redux@1.0.0~start: PATH: /root/.nvm/versions/node/v6.9.5/lib/node_modules/npm/bin/node-gyp-bin:/home/laoqiren/workspace/isomorphic-redux-CNode/node_modules/.bin:/root/.nvm/versions/node/v6.9.5/bin:/root/bin:/usr/local/bin:/usr/local/sbin:/usr/local/bin:/usr/sbin:/usr/bin:/sbin:/bin:/usr/games:/usr/local/games
10 verbose lifecycle redux@1.0.0~start: CWD: /home/laoqiren/workspace/isomorphic-redux-CNode
11 silly lifecycle redux@1.0.0~start: Args: [ '-c', 'better-npm-run start' ]
12 silly lifecycle redux@1.0.0~start: Returned: code: 1  signal: null
13 info lifecycle redux@1.0.0~start: Failed to exec start script
14 verbose stack Error: redux@1.0.0 start: `better-npm-run start`
14 verbose stack Exit status 1
14 verbose stack     at EventEmitter.<anonymous> (/root/.nvm/versions/node/v6.9.5/lib/node_modules/npm/lib/utils/lifecycle.js:255:16)
14 verbose stack     at emitTwo (events.js:106:13)
14 verbose stack     at EventEmitter.emit (events.js:191:7)
14 verbose stack     at ChildProcess.<anonymous> (/root/.nvm/versions/node/v6.9.5/lib/node_modules/npm/lib/utils/spawn.js:40:14)
14 verbose stack     at emitTwo (events.js:106:13)
14 verbose stack     at ChildProcess.emit (events.js:191:7)
14 verbose stack     at maybeClose (internal/child_process.js:877:16)
14 verbose stack     at Process.ChildProcess._handle.onexit (internal/child_process.js:226:5)
15 verbose pkgid redux@1.0.0
16 verbose cwd /home/laoqiren/workspace/isomorphic-redux-CNode
17 error Linux 4.4.0-70-generic
18 error argv "/root/.nvm/versions/node/v6.9.5/bin/node" "/root/.nvm/versions/node/v6.9.5/bin/npm" "run" "start"
19 error node v6.9.5
20 error npm  v3.10.10
21 error code ELIFECYCLE
22 error redux@1.0.0 start: `better-npm-run start`
22 error Exit status 1
23 error Failed at the redux@1.0.0 start script 'better-npm-run start'.
23 error Make sure you have the latest version of node.js and npm installed.
23 error If you do, this is most likely a problem with the redux package,
23 error not with npm itself.
23 error Tell the author that this fails on your system:
23 error     better-npm-run start
23 error You can get information on how to open an issue for this project with:
23 error     npm bugs redux
23 error Or if that isn't available, you can get their info via:
23 error     npm owner ls redux
23 error There is likely additional logging output above.
24 verbose exit [ 1, true ]
